<?xml version="1.0" encoding="UTF-8" ?>
<testsuite errors="0" failures="0" hostname="PaulMbusa" name="com.flatironschool.javacs.ListClientExampleTest" skipped="0" tests="1" time="0.077" timestamp="2016-04-18T12:57:10">
  <properties>
    <property name="java.vendor" value="Oracle Corporation" />
    <property name="env.SYSTEMROOT" value="C:\WINDOWS" />
    <property name="env.MOZ_PLUGIN_PATH" value="C:\PROGRAM FILES (X86)\FOXIT SOFTWARE\FOXIT READER\plugins\" />
    <property name="env.USERDOMAIN_ROAMINGPROFILE" value="PAULMBUSA" />
    <property name="sun.java.launcher" value="SUN_STANDARD" />
    <property name="sun.management.compiler" value="HotSpot 64-Bit Tiered Compilers" />
    <property name="env.PROMPT" value="$P$G" />
    <property name="os.name" value="Windows 10" />
    <property name="env.FP_NO_HOST_CHECK" value="NO" />
    <property name="sun.boot.class.path" value="C:\Program Files\Java\jdk1.8.0_60\jre\lib\resources.jar;C:\Program Files\Java\jdk1.8.0_60\jre\lib\rt.jar;C:\Program Files\Java\jdk1.8.0_60\jre\lib\sunrsasign.jar;C:\Program Files\Java\jdk1.8.0_60\jre\lib\jsse.jar;C:\Program Files\Java\jdk1.8.0_60\jre\lib\jce.jar;C:\Program Files\Java\jdk1.8.0_60\jre\lib\charsets.jar;C:\Program Files\Java\jdk1.8.0_60\jre\lib\jfr.jar;C:\Program Files\Java\jdk1.8.0_60\jre\classes" />
    <property name="env.TMPDIR" value="C:\Users\PAUL_M~1\AppData\Local\Temp" />
    <property name="env.COMPUTERNAME" value="PAULMBUSA" />
    <property name="env.PWD" value="C:/Users/Paul_Mbusa/Google Drive/Google Documents/Google CodeU/cs-swapping-implementations-lab-codeU" />
    <property name="env.CommonProgramW6432" value="C:\Program Files\Common Files" />
    <property name="env.ALLUSERSPROFILE" value="C:\ProgramData" />
    <property name="sun.desktop" value="windows" />
    <property name="env.LANG" value="en_US.UTF-8" />
    <property name="java.vm.specification.vendor" value="Oracle Corporation" />
    <property name="ant.home" value="C:\Program Files (x86)\apache-ant-1.9.6" />
    <property name="java.runtime.version" value="1.8.0_60-b27" />
    <property name="env.HOMEPATH" value="\Users\Paul_Mbusa" />
    <property name="user.name" value="Paul Mbusa" />
    <property name="env._" value="C:/RailsInstaller/Ruby2.2.0/bin/learn-test" />
    <property name="env.USER" value="Paul Mbusa" />
    <property name="env.SHELL" value="C:/Program Files/Git/usr/bin/bash" />
    <property name="env.MSYSTEM" value="MINGW64" />
    <property name="env.PATH" value="C:\Users\Paul_Mbusa\bin;C:\Program Files\Git\mingw64\bin;C:\Program Files\Git\usr\local\bin;C:\Program Files\Git\usr\bin;C:\Program Files\Git\usr\bin;C:\Program Files\Git\mingw64\bin;C:\Program Files\Git\usr\bin;C:\ProgramData\Oracle\Java\javapath;C:\WINDOWS\system32;C:\WINDOWS;C:\WINDOWS\System32\Wbem;C:\WINDOWS\System32\WindowsPowerShell\v1.0;C:\Users\Paul_Mbusa\.dnx\bin;C:\Program Files\Microsoft DNX\Dnvm;C:\Program Files (x86)\PharosSystems\Core;C:\Program Files (x86)\Windows Kits\8.1\Windows Performance Toolkit;C:\Program Files (x86)\NVIDIA Corporation\PhysX\Common;C:\WINDOWS\system32;C:\WINDOWS;C:\WINDOWS\System32\Wbem;C:\WINDOWS\System32\WindowsPowerShell\v1.0;C:\Program Files (x86)\HashiCorp\Vagrant\bin;C:\Program Files\Java\jdk1.8.0_60\bin;%ANT_HOME%\bin;C:\RailsInstaller\Git\cmd;C:\RailsInstaller\Ruby2.2.0\bin;C:\Program Files (x86)\Nmap;C:\Program Files (x86)\apache-ant-1.9.6\bin;C:\Program Files\Java\jdk1.8.0_60\bin;C:\Program Files\Git\usr\bin\vendor_perl;C:\Program Files\Git\usr\bin\core_perl" />
    <property name="user.language" value="en" />
    <property name="env.EXEPATH" value="C:\Program Files\Git" />
    <property name="env.WINDIR" value="C:\WINDOWS" />
    <property name="sun.boot.library.path" value="C:\Program Files\Java\jdk1.8.0_60\jre\bin" />
    <property name="ant.project.default-target" value="build" />
    <property name="ant.project.name" value="JavaCS" />
    <property name="java.version" value="1.8.0_60" />
    <property name="env.PROCESSOR_IDENTIFIER" value="Intel64 Family 6 Model 58 Stepping 9, GenuineIntel" />
    <property name="user.timezone" value="" />
    <property name="env.TEMP" value="C:\Users\PAUL_M~1\AppData\Local\Temp" />
    <property name="sun.arch.data.model" value="64" />
    <property name="java.endorsed.dirs" value="C:\Program Files\Java\jdk1.8.0_60\jre\lib\endorsed" />
    <property name="env._JAVACMD" value="C:\Program Files\Java\jdk1.8.0_60\bin\java.exe" />
    <property name="sun.cpu.isalist" value="amd64" />
    <property name="env.HOMEDRIVE" value="C:" />
    <property name="sun.jnu.encoding" value="Cp1252" />
    <property name="file.encoding.pkg" value="sun.io" />
    <property name="env.SHLVL" value="1" />
    <property name="env.SYSTEMDRIVE" value="C:" />
    <property name="file.separator" value="\" />
    <property name="env.HOSTNAME" value="PaulMbusa" />
    <property name="java.specification.name" value="Java Platform API Specification" />
    <property name="java.class.version" value="52.0" />
    <property name="user.country" value="US" />
    <property name="env.PRINTER" value="VUprint-Anywhere" />
    <property name="ant.file.JavaCS" value="C:\Users\Paul_Mbusa\Google Drive\Google Documents\Google CodeU\cs-swapping-implementations-lab-codeU\javacs-lab01\build.xml" />
    <property name="java.home" value="C:\Program Files\Java\jdk1.8.0_60\jre" />
    <property name="env.PSModulePath" value="C:\WINDOWS\system32\WindowsPowerShell\v1.0\Modules\" />
    <property name="env.APPDATA" value="C:\Users\Paul_Mbusa\AppData\Roaming" />
    <property name="env.PUBLIC" value="C:\Users\Public" />
    <property name="java.vm.info" value="mixed mode" />
    <property name="env.OS" value="Windows_NT" />
    <property name="ant.file" value="C:\Users\Paul_Mbusa\Google Drive\Google Documents\Google CodeU\cs-swapping-implementations-lab-codeU\javacs-lab01\build.xml" />
    <property name="os.version" value="10.0" />
    <property name="env.ProgramW6432" value="C:\Program Files" />
    <property name="env._USE_CLASSPATH" value="no" />
    <property name="env.=::" value="::\" />
    <property name="path.separator" value=";" />
    <property name="env.ACLOCAL_PATH" value="C:\Program Files\Git\mingw64\share\aclocal;C:\Program Files\Git\usr\share\aclocal" />
    <property name="env.OMP_NUM_THREADS" value="4" />
    <property name="java.vm.version" value="25.60-b23" />
    <property name="user.variant" value="" />
    <property name="env.USERPROFILE" value="C:\Users\Paul_Mbusa" />
    <property name="ant.library.dir" value="C:\Program Files (x86)\apache-ant-1.9.6\lib" />
    <property name="env.SSL_CERT_FILE" value="C:\RailsInstaller\cacert.pem" />
    <property name="junit.output.dir" value="junit" />
    <property name="env.JAVA_HOME" value="C:\Program Files\Java\jdk1.8.0_60" />
    <property name="env.TERM" value="xterm" />
    <property name="java.awt.printerjob" value="sun.awt.windows.WPrinterJob" />
    <property name="env.TMP" value="C:\Users\PAUL_M~1\AppData\Local\Temp" />
    <property name="env.PROGRAMFILES" value="C:\Program Files" />
    <property name="sun.io.unicode.encoding" value="UnicodeLittle" />
    <property name="awt.toolkit" value="sun.awt.windows.WToolkit" />
    <property name="user.script" value="" />
    <property name="env.MANPATH" value="C:\Program Files\Git\mingw64\share\man;C:\Program Files\Git\usr\local\man;C:\Program Files\Git\usr\share\man;C:\Program Files\Git\usr\man;C:\Program Files\Git\share\man" />
    <property name="env.ILLDIR" value="C:\Program Files (x86)\Common Files\Autodesk Shared\Materials\" />
    <property name="target" value="1.6" />
    <property name="user.home" value="C:\Users\Paul_Mbusa" />
    <property name="env.COMMONPROGRAMFILES" value="C:\Program Files\Common Files" />
    <property name="env.VS140COMNTOOLS" value="C:\Program Files (x86)\Microsoft Visual Studio 14.0\Common7\Tools\" />
    <property name="env.ProgramData" value="C:\ProgramData" />
    <property name="env.SESSIONNAME" value="Console" />
    <property name="env.ProgramFiles(x86)" value="C:\Program Files (x86)" />
    <property name="java.specification.vendor" value="Oracle Corporation" />
    <property name="java.library.path" value="C:\Program Files\Java\jdk1.8.0_60\jre\bin;C:\WINDOWS\Sun\Java\bin;C:\WINDOWS\system32;C:\WINDOWS;C:\Users\Paul_Mbusa\bin;C:\Program Files\Git\mingw64\bin;C:\Program Files\Git\usr\local\bin;C:\Program Files\Git\usr\bin;C:\Program Files\Git\usr\bin;C:\Program Files\Git\mingw64\bin;C:\Program Files\Git\usr\bin;C:\ProgramData\Oracle\Java\javapath;C:\WINDOWS\system32;C:\WINDOWS;C:\WINDOWS\System32\Wbem;C:\WINDOWS\System32\WindowsPowerShell\v1.0;C:\Users\Paul_Mbusa\.dnx\bin;C:\Program Files\Microsoft DNX\Dnvm;C:\Program Files (x86)\PharosSystems\Core;C:\Program Files (x86)\Windows Kits\8.1\Windows Performance Toolkit;C:\Program Files (x86)\NVIDIA Corporation\PhysX\Common;C:\WINDOWS\system32;C:\WINDOWS;C:\WINDOWS\System32\Wbem;C:\WINDOWS\System32\WindowsPowerShell\v1.0;C:\Program Files (x86)\HashiCorp\Vagrant\bin;C:\Program Files\Java\jdk1.8.0_60\bin;%ANT_HOME%\bin;C:\RailsInstaller\Git\cmd;C:\RailsInstaller\Ruby2.2.0\bin;C:\Program Files (x86)\Nmap;C:\Program Files (x86)\apache-ant-1.9.6\bin;C:\Program Files\Java\jdk1.8.0_60\bin;C:\Program Files\Git\usr\bin\vendor_perl;C:\Program Files\Git\usr\bin\core_perl;." />
    <property name="java.vendor.url" value="http://java.oracle.com/" />
    <property name="env.NUMBER_OF_PROCESSORS" value="4" />
    <property name="java.vm.vendor" value="Oracle Corporation" />
    <property name="java.runtime.name" value="Java(TM) SE Runtime Environment" />
    <property name="env.CM2015DIR" value="C:\Program Files (x86)\Common Files\Autodesk Shared\Materials\" />
    <property name="java.class.path" value="C:\Users\Paul_Mbusa\Google Drive\Google Documents\Google CodeU\cs-swapping-implementations-lab-codeU\javacs-lab01\bin;C:\Users\Paul_Mbusa\Google Drive\Google Documents\Google CodeU\cs-swapping-implementations-lab-codeU\javacs-lab01\lib\junit-4.12.jar;C:\Users\Paul_Mbusa\Google Drive\Google Documents\Google CodeU\cs-swapping-implementations-lab-codeU\javacs-lab01\lib\hamcrest-core-1.3.jar;C:\Program Files (x86)\apache-ant-1.9.6\lib\ant-launcher.jar;C:\Program Files (x86)\apache-ant-1.9.6\lib\ant.jar;C:\Program Files (x86)\apache-ant-1.9.6\lib\ant-junit.jar;C:\Program Files (x86)\apache-ant-1.9.6\lib\ant-junit4.jar" />
    <property name="ant.version" value="Apache Ant(TM) version 1.9.6 compiled on June 29 2015" />
    <property name="sun.java.command" value="org.apache.tools.ant.taskdefs.optional.junit.JUnitTestRunner com.flatironschool.javacs.ListClientExampleTest skipNonTests=false filtertrace=true haltOnError=false haltOnFailure=false formatter=org.apache.tools.ant.taskdefs.optional.junit.OutErrSummaryJUnitResultFormatter showoutput=false outputtoformatters=true logfailedtests=true threadid=0 logtestlistenerevents=false formatter=org.apache.tools.ant.taskdefs.optional.junit.XMLJUnitResultFormatter,C:\Users\Paul_Mbusa\Google Drive\Google Documents\Google CodeU\cs-swapping-implementations-lab-codeU\javacs-lab01\junit\TEST-com.flatironschool.javacs.ListClientExampleTest.xml formatter=org.apache.tools.ant.taskdefs.optional.junit.PlainJUnitResultFormatter crashfile=C:\Users\Paul_Mbusa\Google Drive\Google Documents\Google CodeU\cs-swapping-implementations-lab-codeU\javacs-lab01\junitvmwatcher7985325931237563475.properties propsfile=C:\Users\Paul_Mbusa\Google Drive\Google Documents\Google CodeU\cs-swapping-implementations-lab-codeU\javacs-lab01\junit2250257016141957387.properties" />
    <property name="ant.file.type.JavaCS" value="file" />
    <property name="java.vm.specification.name" value="Java Virtual Machine Specification" />
    <property name="ant.file.type" value="file" />
    <property name="env.LOGONSERVER" value="\\MicrosoftAccount" />
    <property name="env.PROCESSOR_ARCHITECTURE" value="AMD64" />
    <property name="java.vm.specification.version" value="1.8" />
    <property name="sun.os.patch.level" value="" />
    <property name="sun.cpu.endian" value="little" />
    <property name="debuglevel" value="source,lines,vars" />
    <property name="env.HOME" value="C:\Users\Paul_Mbusa" />
    <property name="env.ANT_HOME" value="C:\Program Files (x86)\apache-ant-1.9.6" />
    <property name="java.io.tmpdir" value="C:\Users\PAUL_M~1\AppData\Local\Temp\" />
    <property name="env.PROCESSOR_REVISION" value="3a09" />
    <property name="env.CommonProgramFiles(x86)" value="C:\Program Files (x86)\Common Files" />
    <property name="java.vendor.url.bug" value="http://bugreport.sun.com/bugreport/" />
    <property name="env.COMSPEC" value="C:\WINDOWS\system32\cmd.exe" />
    <property name="os.arch" value="amd64" />
    <property name="env.ANT_CMD_LINE_ARGS" value=" test -buildfile javacs-lab01/build.xml" />
    <property name="java.awt.graphicsenv" value="sun.awt.Win32GraphicsEnvironment" />
    <property name="env.PLINK_PROTOCOL" value="ssh" />
    <property name="java.ext.dirs" value="C:\Program Files\Java\jdk1.8.0_60\jre\lib\ext;C:\WINDOWS\Sun\Java\lib\ext" />
    <property name="user.dir" value="C:\Users\Paul_Mbusa\Google Drive\Google Documents\Google CodeU\cs-swapping-implementations-lab-codeU" />
    <property name="env.LOCALAPPDATA" value="C:\Users\Paul_Mbusa\AppData\Local" />
    <property name="env.PS1" value="\[\033]0;$MSYSTEM:${PWD//[^[:ascii:]]/?}\007\]\n\[\033[32m\]\u@\h \[\033[35m\]$MSYSTEM \[\033[33m\]\w\[\033[36m\]`__git_ps1`\[\033[0m\]\n$ " />
    <property name="env.INFOPATH" value="C:\Program Files\Git\usr\local\info;C:\Program Files\Git\usr\share\info;C:\Program Files\Git\usr\info;C:\Program Files\Git\share\info" />
    <property name="line.separator" value="&#xd;&#xa;" />
    <property name="java.vm.name" value="Java HotSpot(TM) 64-Bit Server VM" />
    <property name="env.PATHEXT" value=".COM;.EXE;.BAT;.CMD;.VBS;.VBE;.JS;.JSE;.WSF;.WSH;.MSC" />
    <property name="basedir" value="C:\Users\Paul_Mbusa\Google Drive\Google Documents\Google CodeU\cs-swapping-implementations-lab-codeU\javacs-lab01" />
    <property name="ant.java.version" value="1.8" />
    <property name="ant.core.lib" value="C:\Program Files (x86)\apache-ant-1.9.6\lib\ant.jar" />
    <property name="env.USERNAME" value="Paul Mbusa" />
    <property name="source" value="1.6" />
    <property name="file.encoding" value="Cp1252" />
    <property name="env.PKG_CONFIG_PATH" value="C:\Program Files\Git\mingw64\lib\pkgconfig;C:\Program Files\Git\mingw64\share\pkgconfig" />
    <property name="env.USERDOMAIN" value="PAULMBUSA" />
    <property name="java.specification.version" value="1.8" />
    <property name="env.=C:" value="C:\Users\Paul_Mbusa\Google Drive\Google Documents\Google CodeU\cs-swapping-implementations-lab-codeU" />
    <property name="ant.project.invoked-targets" value="test" />
    <property name="env.PROCESSOR_LEVEL" value="6" />
    <property name="env.VBOX_MSI_INSTALL_PATH" value="C:\Program Files\Oracle\VirtualBox\" />
  </properties>
  <testcase classname="com.flatironschool.javacs.ListClientExampleTest" name="testListClientExample" time="0.012" />
  <system-out><![CDATA[]]></system-out>
  <system-err><![CDATA[]]></system-err>
</testsuite>
